  LabMicromirror.cpp
  splash.c
c:\users\umfehr44.eng\desktop\labmicromirror\labmicromirror\labmicromirror\hireslib\splash.c(164): error C4996: 'sprintf': This function or variable may be unsafe. Consider using sprintf_s instead. To disable deprecation, use _CRT_SECURE_NO_WARNINGS. See online help for details.
  c:\program files (x86)\windows kits\10\include\10.0.15063.0\ucrt\stdio.h(1772): note: see declaration of 'sprintf'
c:\users\umfehr44.eng\desktop\labmicromirror\labmicromirror\labmicromirror\hireslib\splash.c(223): error C4996: 'sprintf': This function or variable may be unsafe. Consider using sprintf_s instead. To disable deprecation, use _CRT_SECURE_NO_WARNINGS. See online help for details.
  c:\program files (x86)\windows kits\10\include\10.0.15063.0\ucrt\stdio.h(1772): note: see declaration of 'sprintf'
c:\users\umfehr44.eng\desktop\labmicromirror\labmicromirror\labmicromirror\hireslib\splash.c(226): error C4996: 'sprintf': This function or variable may be unsafe. Consider using sprintf_s instead. To disable deprecation, use _CRT_SECURE_NO_WARNINGS. See online help for details.
  c:\program files (x86)\windows kits\10\include\10.0.15063.0\ucrt\stdio.h(1772): note: see declaration of 'sprintf'
c:\users\umfehr44.eng\desktop\labmicromirror\labmicromirror\labmicromirror\hireslib\splash.c(233): error C4996: 'sprintf': This function or variable may be unsafe. Consider using sprintf_s instead. To disable deprecation, use _CRT_SECURE_NO_WARNINGS. See online help for details.
  c:\program files (x86)\windows kits\10\include\10.0.15063.0\ucrt\stdio.h(1772): note: see declaration of 'sprintf'
c:\users\umfehr44.eng\desktop\labmicromirror\labmicromirror\labmicromirror\hireslib\splash.c(239): error C4996: 'sprintf': This function or variable may be unsafe. Consider using sprintf_s instead. To disable deprecation, use _CRT_SECURE_NO_WARNINGS. See online help for details.
  c:\program files (x86)\windows kits\10\include\10.0.15063.0\ucrt\stdio.h(1772): note: see declaration of 'sprintf'
c:\users\umfehr44.eng\desktop\labmicromirror\labmicromirror\labmicromirror\hireslib\splash.c(247): error C4996: 'sprintf': This function or variable may be unsafe. Consider using sprintf_s instead. To disable deprecation, use _CRT_SECURE_NO_WARNINGS. See online help for details.
  c:\program files (x86)\windows kits\10\include\10.0.15063.0\ucrt\stdio.h(1772): note: see declaration of 'sprintf'
c:\users\umfehr44.eng\desktop\labmicromirror\labmicromirror\labmicromirror\hireslib\splash.c(265): error C4996: 'sprintf': This function or variable may be unsafe. Consider using sprintf_s instead. To disable deprecation, use _CRT_SECURE_NO_WARNINGS. See online help for details.
  c:\program files (x86)\windows kits\10\include\10.0.15063.0\ucrt\stdio.h(1772): note: see declaration of 'sprintf'
  flashloader.c
c:\users\umfehr44.eng\desktop\labmicromirror\labmicromirror\labmicromirror\hireslib\flashloader.c(141): warning C4244: '=': conversion from 'uint64' to 'uint16', possible loss of data
c:\users\umfehr44.eng\desktop\labmicromirror\labmicromirror\labmicromirror\hireslib\flashloader.c(147): error C4996: 'sprintf': This function or variable may be unsafe. Consider using sprintf_s instead. To disable deprecation, use _CRT_SECURE_NO_WARNINGS. See online help for details.
  c:\program files (x86)\windows kits\10\include\10.0.15063.0\ucrt\stdio.h(1772): note: see declaration of 'sprintf'
c:\users\umfehr44.eng\desktop\labmicromirror\labmicromirror\labmicromirror\hireslib\flashloader.c(150): error C4996: 'fopen': This function or variable may be unsafe. Consider using fopen_s instead. To disable deprecation, use _CRT_SECURE_NO_WARNINGS. See online help for details.
  c:\program files (x86)\windows kits\10\include\10.0.15063.0\ucrt\stdio.h(207): note: see declaration of 'fopen'
c:\users\umfehr44.eng\desktop\labmicromirror\labmicromirror\labmicromirror\hireslib\flashloader.c(152): error C4996: 'sprintf': This function or variable may be unsafe. Consider using sprintf_s instead. To disable deprecation, use _CRT_SECURE_NO_WARNINGS. See online help for details.
  c:\program files (x86)\windows kits\10\include\10.0.15063.0\ucrt\stdio.h(1772): note: see declaration of 'sprintf'
c:\users\umfehr44.eng\desktop\labmicromirror\labmicromirror\labmicromirror\hireslib\flashloader.c(159): error C4996: 'sprintf': This function or variable may be unsafe. Consider using sprintf_s instead. To disable deprecation, use _CRT_SECURE_NO_WARNINGS. See online help for details.
  c:\program files (x86)\windows kits\10\include\10.0.15063.0\ucrt\stdio.h(1772): note: see declaration of 'sprintf'
c:\users\umfehr44.eng\desktop\labmicromirror\labmicromirror\labmicromirror\hireslib\flashloader.c(203): error C4996: 'sprintf': This function or variable may be unsafe. Consider using sprintf_s instead. To disable deprecation, use _CRT_SECURE_NO_WARNINGS. See online help for details.
  c:\program files (x86)\windows kits\10\include\10.0.15063.0\ucrt\stdio.h(1772): note: see declaration of 'sprintf'
c:\users\umfehr44.eng\desktop\labmicromirror\labmicromirror\labmicromirror\hireslib\flashloader.c(208): error C4996: 'sprintf': This function or variable may be unsafe. Consider using sprintf_s instead. To disable deprecation, use _CRT_SECURE_NO_WARNINGS. See online help for details.
  c:\program files (x86)\windows kits\10\include\10.0.15063.0\ucrt\stdio.h(1772): note: see declaration of 'sprintf'
c:\users\umfehr44.eng\desktop\labmicromirror\labmicromirror\labmicromirror\hireslib\flashloader.c(211): error C4996: 'sprintf': This function or variable may be unsafe. Consider using sprintf_s instead. To disable deprecation, use _CRT_SECURE_NO_WARNINGS. See online help for details.
  c:\program files (x86)\windows kits\10\include\10.0.15063.0\ucrt\stdio.h(1772): note: see declaration of 'sprintf'
c:\users\umfehr44.eng\desktop\labmicromirror\labmicromirror\labmicromirror\hireslib\flashloader.c(222): error C4996: 'sprintf': This function or variable may be unsafe. Consider using sprintf_s instead. To disable deprecation, use _CRT_SECURE_NO_WARNINGS. See online help for details.
  c:\program files (x86)\windows kits\10\include\10.0.15063.0\ucrt\stdio.h(1772): note: see declaration of 'sprintf'
c:\users\umfehr44.eng\desktop\labmicromirror\labmicromirror\labmicromirror\hireslib\flashloader.c(250): error C4996: 'fopen': This function or variable may be unsafe. Consider using fopen_s instead. To disable deprecation, use _CRT_SECURE_NO_WARNINGS. See online help for details.
  c:\program files (x86)\windows kits\10\include\10.0.15063.0\ucrt\stdio.h(207): note: see declaration of 'fopen'
c:\users\umfehr44.eng\desktop\labmicromirror\labmicromirror\labmicromirror\hireslib\flashloader.c(251): error C4996: 'sprintf': This function or variable may be unsafe. Consider using sprintf_s instead. To disable deprecation, use _CRT_SECURE_NO_WARNINGS. See online help for details.
  c:\program files (x86)\windows kits\10\include\10.0.15063.0\ucrt\stdio.h(1772): note: see declaration of 'sprintf'
c:\users\umfehr44.eng\desktop\labmicromirror\labmicromirror\labmicromirror\hireslib\flashloader.c(257): error C4996: 'sprintf': This function or variable may be unsafe. Consider using sprintf_s instead. To disable deprecation, use _CRT_SECURE_NO_WARNINGS. See online help for details.
  c:\program files (x86)\windows kits\10\include\10.0.15063.0\ucrt\stdio.h(1772): note: see declaration of 'sprintf'
c:\users\umfehr44.eng\desktop\labmicromirror\labmicromirror\labmicromirror\hireslib\flashloader.c(259): error C4996: 'sprintf': This function or variable may be unsafe. Consider using sprintf_s instead. To disable deprecation, use _CRT_SECURE_NO_WARNINGS. See online help for details.
  c:\program files (x86)\windows kits\10\include\10.0.15063.0\ucrt\stdio.h(1772): note: see declaration of 'sprintf'
c:\users\umfehr44.eng\desktop\labmicromirror\labmicromirror\labmicromirror\hireslib\flashloader.c(265): error C4996: 'sprintf': This function or variable may be unsafe. Consider using sprintf_s instead. To disable deprecation, use _CRT_SECURE_NO_WARNINGS. See online help for details.
  c:\program files (x86)\windows kits\10\include\10.0.15063.0\ucrt\stdio.h(1772): note: see declaration of 'sprintf'
c:\users\umfehr44.eng\desktop\labmicromirror\labmicromirror\labmicromirror\hireslib\flashloader.c(269): error C4996: 'sprintf': This function or variable may be unsafe. Consider using sprintf_s instead. To disable deprecation, use _CRT_SECURE_NO_WARNINGS. See online help for details.
  c:\program files (x86)\windows kits\10\include\10.0.15063.0\ucrt\stdio.h(1772): note: see declaration of 'sprintf'
c:\users\umfehr44.eng\desktop\labmicromirror\labmicromirror\labmicromirror\hireslib\flashloader.c(289): error C4996: 'sprintf': This function or variable may be unsafe. Consider using sprintf_s instead. To disable deprecation, use _CRT_SECURE_NO_WARNINGS. See online help for details.
  c:\program files (x86)\windows kits\10\include\10.0.15063.0\ucrt\stdio.h(1772): note: see declaration of 'sprintf'
c:\users\umfehr44.eng\desktop\labmicromirror\labmicromirror\labmicromirror\hireslib\flashloader.c(300): error C4996: 'sprintf': This function or variable may be unsafe. Consider using sprintf_s instead. To disable deprecation, use _CRT_SECURE_NO_WARNINGS. See online help for details.
  c:\program files (x86)\windows kits\10\include\10.0.15063.0\ucrt\stdio.h(1772): note: see declaration of 'sprintf'
c:\users\umfehr44.eng\desktop\labmicromirror\labmicromirror\labmicromirror\hireslib\flashloader.c(312): error C4996: 'sprintf': This function or variable may be unsafe. Consider using sprintf_s instead. To disable deprecation, use _CRT_SECURE_NO_WARNINGS. See online help for details.
  c:\program files (x86)\windows kits\10\include\10.0.15063.0\ucrt\stdio.h(1772): note: see declaration of 'sprintf'
c:\users\umfehr44.eng\desktop\labmicromirror\labmicromirror\labmicromirror\hireslib\flashloader.c(318): error C4996: 'sprintf': This function or variable may be unsafe. Consider using sprintf_s instead. To disable deprecation, use _CRT_SECURE_NO_WARNINGS. See online help for details.
  c:\program files (x86)\windows kits\10\include\10.0.15063.0\ucrt\stdio.h(1772): note: see declaration of 'sprintf'
c:\users\umfehr44.eng\desktop\labmicromirror\labmicromirror\labmicromirror\hireslib\flashloader.c(335): error C4996: 'sprintf': This function or variable may be unsafe. Consider using sprintf_s instead. To disable deprecation, use _CRT_SECURE_NO_WARNINGS. See online help for details.
  c:\program files (x86)\windows kits\10\include\10.0.15063.0\ucrt\stdio.h(1772): note: see declaration of 'sprintf'
c:\users\umfehr44.eng\desktop\labmicromirror\labmicromirror\labmicromirror\hireslib\flashloader.c(340): error C4996: 'sprintf': This function or variable may be unsafe. Consider using sprintf_s instead. To disable deprecation, use _CRT_SECURE_NO_WARNINGS. See online help for details.
  c:\program files (x86)\windows kits\10\include\10.0.15063.0\ucrt\stdio.h(1772): note: see declaration of 'sprintf'
c:\users\umfehr44.eng\desktop\labmicromirror\labmicromirror\labmicromirror\hireslib\flashloader.c(343): error C4996: 'sprintf': This function or variable may be unsafe. Consider using sprintf_s instead. To disable deprecation, use _CRT_SECURE_NO_WARNINGS. See online help for details.
  c:\program files (x86)\windows kits\10\include\10.0.15063.0\ucrt\stdio.h(1772): note: see declaration of 'sprintf'
c:\users\umfehr44.eng\desktop\labmicromirror\labmicromirror\labmicromirror\hireslib\flashloader.c(354): error C4996: 'sprintf': This function or variable may be unsafe. Consider using sprintf_s instead. To disable deprecation, use _CRT_SECURE_NO_WARNINGS. See online help for details.
  c:\program files (x86)\windows kits\10\include\10.0.15063.0\ucrt\stdio.h(1772): note: see declaration of 'sprintf'
c:\users\umfehr44.eng\desktop\labmicromirror\labmicromirror\labmicromirror\hireslib\flashloader.c(418): error C4996: 'sprintf': This function or variable may be unsafe. Consider using sprintf_s instead. To disable deprecation, use _CRT_SECURE_NO_WARNINGS. See online help for details.
  c:\program files (x86)\windows kits\10\include\10.0.15063.0\ucrt\stdio.h(1772): note: see declaration of 'sprintf'
c:\users\umfehr44.eng\desktop\labmicromirror\labmicromirror\labmicromirror\hireslib\flashloader.c(445): error C4996: 'sprintf': This function or variable may be unsafe. Consider using sprintf_s instead. To disable deprecation, use _CRT_SECURE_NO_WARNINGS. See online help for details.
  c:\program files (x86)\windows kits\10\include\10.0.15063.0\ucrt\stdio.h(1772): note: see declaration of 'sprintf'
c:\users\umfehr44.eng\desktop\labmicromirror\labmicromirror\labmicromirror\hireslib\flashloader.c(475): error C4996: 'sprintf': This function or variable may be unsafe. Consider using sprintf_s instead. To disable deprecation, use _CRT_SECURE_NO_WARNINGS. See online help for details.
  c:\program files (x86)\windows kits\10\include\10.0.15063.0\ucrt\stdio.h(1772): note: see declaration of 'sprintf'
c:\users\umfehr44.eng\desktop\labmicromirror\labmicromirror\labmicromirror\hireslib\flashloader.c(540): warning C4244: '=': conversion from 'long' to 'uint16', possible loss of data
c:\users\umfehr44.eng\desktop\labmicromirror\labmicromirror\labmicromirror\hireslib\flashloader.c(543): warning C4244: '=': conversion from 'long' to 'uint16', possible loss of data
c:\users\umfehr44.eng\desktop\labmicromirror\labmicromirror\labmicromirror\hireslib\flashloader.c(567): warning C4244: '=': conversion from 'long' to 'uint16', possible loss of data
c:\users\umfehr44.eng\desktop\labmicromirror\labmicromirror\labmicromirror\hireslib\flashloader.c(568): warning C4244: '=': conversion from 'long' to 'uint08', possible loss of data
c:\users\umfehr44.eng\desktop\labmicromirror\labmicromirror\labmicromirror\hireslib\flashloader.c(526): error C4996: 'sprintf': This function or variable may be unsafe. Consider using sprintf_s instead. To disable deprecation, use _CRT_SECURE_NO_WARNINGS. See online help for details.
  c:\program files (x86)\windows kits\10\include\10.0.15063.0\ucrt\stdio.h(1772): note: see declaration of 'sprintf'
c:\users\umfehr44.eng\desktop\labmicromirror\labmicromirror\labmicromirror\hireslib\flashloader.c(537): error C4996: 'sprintf': This function or variable may be unsafe. Consider using sprintf_s instead. To disable deprecation, use _CRT_SECURE_NO_WARNINGS. See online help for details.
  c:\program files (x86)\windows kits\10\include\10.0.15063.0\ucrt\stdio.h(1772): note: see declaration of 'sprintf'
c:\users\umfehr44.eng\desktop\labmicromirror\labmicromirror\labmicromirror\hireslib\flashloader.c(542): error C4996: 'sprintf': This function or variable may be unsafe. Consider using sprintf_s instead. To disable deprecation, use _CRT_SECURE_NO_WARNINGS. See online help for details.
  c:\program files (x86)\windows kits\10\include\10.0.15063.0\ucrt\stdio.h(1772): note: see declaration of 'sprintf'
c:\users\umfehr44.eng\desktop\labmicromirror\labmicromirror\labmicromirror\hireslib\flashloader.c(545): error C4996: 'sprintf': This function or variable may be unsafe. Consider using sprintf_s instead. To disable deprecation, use _CRT_SECURE_NO_WARNINGS. See online help for details.
  c:\program files (x86)\windows kits\10\include\10.0.15063.0\ucrt\stdio.h(1772): note: see declaration of 'sprintf'
c:\users\umfehr44.eng\desktop\labmicromirror\labmicromirror\labmicromirror\hireslib\flashloader.c(563): error C4996: 'strcpy': This function or variable may be unsafe. Consider using strcpy_s instead. To disable deprecation, use _CRT_SECURE_NO_WARNINGS. See online help for details.
  c:\program files (x86)\windows kits\10\include\10.0.15063.0\ucrt\string.h(136): note: see declaration of 'strcpy'
c:\users\umfehr44.eng\desktop\labmicromirror\labmicromirror\labmicromirror\hireslib\flashloader.c(565): error C4996: 'strcpy': This function or variable may be unsafe. Consider using strcpy_s instead. To disable deprecation, use _CRT_SECURE_NO_WARNINGS. See online help for details.
  c:\program files (x86)\windows kits\10\include\10.0.15063.0\ucrt\string.h(136): note: see declaration of 'strcpy'
c:\users\umfehr44.eng\desktop\labmicromirror\labmicromirror\labmicromirror\hireslib\flashloader.c(573): error C4996: 'sprintf': This function or variable may be unsafe. Consider using sprintf_s instead. To disable deprecation, use _CRT_SECURE_NO_WARNINGS. See online help for details.
  c:\program files (x86)\windows kits\10\include\10.0.15063.0\ucrt\stdio.h(1772): note: see declaration of 'sprintf'
c:\users\umfehr44.eng\desktop\labmicromirror\labmicromirror\labmicromirror\hireslib\flashloader.c(676): error C4996: 'sprintf': This function or variable may be unsafe. Consider using sprintf_s instead. To disable deprecation, use _CRT_SECURE_NO_WARNINGS. See online help for details.
  c:\program files (x86)\windows kits\10\include\10.0.15063.0\ucrt\stdio.h(1772): note: see declaration of 'sprintf'
c:\users\umfehr44.eng\desktop\labmicromirror\labmicromirror\labmicromirror\hireslib\flashloader.c(715): error C4996: 'sprintf': This function or variable may be unsafe. Consider using sprintf_s instead. To disable deprecation, use _CRT_SECURE_NO_WARNINGS. See online help for details.
  c:\program files (x86)\windows kits\10\include\10.0.15063.0\ucrt\stdio.h(1772): note: see declaration of 'sprintf'
  flashimage.c
c:\users\umfehr44.eng\desktop\labmicromirror\labmicromirror\labmicromirror\hireslib\flashimage.c(198): error C4996: 'fopen': This function or variable may be unsafe. Consider using fopen_s instead. To disable deprecation, use _CRT_SECURE_NO_WARNINGS. See online help for details.
  c:\program files (x86)\windows kits\10\include\10.0.15063.0\ucrt\stdio.h(207): note: see declaration of 'fopen'
c:\users\umfehr44.eng\desktop\labmicromirror\labmicromirror\labmicromirror\hireslib\flashimage.c(200): error C4996: 'sprintf': This function or variable may be unsafe. Consider using sprintf_s instead. To disable deprecation, use _CRT_SECURE_NO_WARNINGS. See online help for details.
  c:\program files (x86)\windows kits\10\include\10.0.15063.0\ucrt\stdio.h(1772): note: see declaration of 'sprintf'
c:\users\umfehr44.eng\desktop\labmicromirror\labmicromirror\labmicromirror\hireslib\flashimage.c(203): error C4996: 'sprintf': This function or variable may be unsafe. Consider using sprintf_s instead. To disable deprecation, use _CRT_SECURE_NO_WARNINGS. See online help for details.
  c:\program files (x86)\windows kits\10\include\10.0.15063.0\ucrt\stdio.h(1772): note: see declaration of 'sprintf'
c:\users\umfehr44.eng\desktop\labmicromirror\labmicromirror\labmicromirror\hireslib\flashimage.c(231): error C4996: 'sprintf': This function or variable may be unsafe. Consider using sprintf_s instead. To disable deprecation, use _CRT_SECURE_NO_WARNINGS. See online help for details.
  c:\program files (x86)\windows kits\10\include\10.0.15063.0\ucrt\stdio.h(1772): note: see declaration of 'sprintf'
c:\users\umfehr44.eng\desktop\labmicromirror\labmicromirror\labmicromirror\hireslib\flashimage.c(395): error C4996: 'sprintf': This function or variable may be unsafe. Consider using sprintf_s instead. To disable deprecation, use _CRT_SECURE_NO_WARNINGS. See online help for details.
  c:\program files (x86)\windows kits\10\include\10.0.15063.0\ucrt\stdio.h(1772): note: see declaration of 'sprintf'
c:\users\umfehr44.eng\desktop\labmicromirror\labmicromirror\labmicromirror\hireslib\flashimage.c(430): error C4996: 'sprintf': This function or variable may be unsafe. Consider using sprintf_s instead. To disable deprecation, use _CRT_SECURE_NO_WARNINGS. See online help for details.
  c:\program files (x86)\windows kits\10\include\10.0.15063.0\ucrt\stdio.h(1772): note: see declaration of 'sprintf'
c:\users\umfehr44.eng\desktop\labmicromirror\labmicromirror\labmicromirror\hireslib\flashimage.c(432): error C4996: 'fopen': This function or variable may be unsafe. Consider using fopen_s instead. To disable deprecation, use _CRT_SECURE_NO_WARNINGS. See online help for details.
  c:\program files (x86)\windows kits\10\include\10.0.15063.0\ucrt\stdio.h(207): note: see declaration of 'fopen'
c:\users\umfehr44.eng\desktop\labmicromirror\labmicromirror\labmicromirror\hireslib\flashimage.c(435): error C4996: 'sprintf': This function or variable may be unsafe. Consider using sprintf_s instead. To disable deprecation, use _CRT_SECURE_NO_WARNINGS. See online help for details.
  c:\program files (x86)\windows kits\10\include\10.0.15063.0\ucrt\stdio.h(1772): note: see declaration of 'sprintf'
c:\users\umfehr44.eng\desktop\labmicromirror\labmicromirror\labmicromirror\hireslib\flashimage.c(438): error C4996: 'sprintf': This function or variable may be unsafe. Consider using sprintf_s instead. To disable deprecation, use _CRT_SECURE_NO_WARNINGS. See online help for details.
  c:\program files (x86)\windows kits\10\include\10.0.15063.0\ucrt\stdio.h(1772): note: see declaration of 'sprintf'
c:\users\umfehr44.eng\desktop\labmicromirror\labmicromirror\labmicromirror\hireslib\flashimage.c(449): error C4996: 'sprintf': This function or variable may be unsafe. Consider using sprintf_s instead. To disable deprecation, use _CRT_SECURE_NO_WARNINGS. See online help for details.
  c:\program files (x86)\windows kits\10\include\10.0.15063.0\ucrt\stdio.h(1772): note: see declaration of 'sprintf'
c:\users\umfehr44.eng\desktop\labmicromirror\labmicromirror\labmicromirror\hireslib\flashimage.c(453): error C4996: 'sprintf': This function or variable may be unsafe. Consider using sprintf_s instead. To disable deprecation, use _CRT_SECURE_NO_WARNINGS. See online help for details.
  c:\program files (x86)\windows kits\10\include\10.0.15063.0\ucrt\stdio.h(1772): note: see declaration of 'sprintf'
c:\users\umfehr44.eng\desktop\labmicromirror\labmicromirror\labmicromirror\hireslib\flashimage.c(462): error C4996: 'sprintf': This function or variable may be unsafe. Consider using sprintf_s instead. To disable deprecation, use _CRT_SECURE_NO_WARNINGS. See online help for details.
  c:\program files (x86)\windows kits\10\include\10.0.15063.0\ucrt\stdio.h(1772): note: see declaration of 'sprintf'
c:\users\umfehr44.eng\desktop\labmicromirror\labmicromirror\labmicromirror\hireslib\flashimage.c(469): error C4996: 'sprintf': This function or variable may be unsafe. Consider using sprintf_s instead. To disable deprecation, use _CRT_SECURE_NO_WARNINGS. See online help for details.
  c:\program files (x86)\windows kits\10\include\10.0.15063.0\ucrt\stdio.h(1772): note: see declaration of 'sprintf'
c:\users\umfehr44.eng\desktop\labmicromirror\labmicromirror\labmicromirror\hireslib\flashimage.c(472): error C4996: 'sprintf': This function or variable may be unsafe. Consider using sprintf_s instead. To disable deprecation, use _CRT_SECURE_NO_WARNINGS. See online help for details.
  c:\program files (x86)\windows kits\10\include\10.0.15063.0\ucrt\stdio.h(1772): note: see declaration of 'sprintf'
c:\users\umfehr44.eng\desktop\labmicromirror\labmicromirror\labmicromirror\hireslib\flashimage.c(481): error C4996: 'strcpy': This function or variable may be unsafe. Consider using strcpy_s instead. To disable deprecation, use _CRT_SECURE_NO_WARNINGS. See online help for details.
  c:\program files (x86)\windows kits\10\include\10.0.15063.0\ucrt\string.h(136): note: see declaration of 'strcpy'
c:\users\umfehr44.eng\desktop\labmicromirror\labmicromirror\labmicromirror\hireslib\flashimage.c(492): error C4996: 'strcpy': This function or variable may be unsafe. Consider using strcpy_s instead. To disable deprecation, use _CRT_SECURE_NO_WARNINGS. See online help for details.
  c:\program files (x86)\windows kits\10\include\10.0.15063.0\ucrt\string.h(136): note: see declaration of 'strcpy'
c:\users\umfehr44.eng\desktop\labmicromirror\labmicromirror\labmicromirror\hireslib\flashimage.c(509): error C4996: 'sprintf': This function or variable may be unsafe. Consider using sprintf_s instead. To disable deprecation, use _CRT_SECURE_NO_WARNINGS. See online help for details.
  c:\program files (x86)\windows kits\10\include\10.0.15063.0\ucrt\stdio.h(1772): note: see declaration of 'sprintf'
c:\users\umfehr44.eng\desktop\labmicromirror\labmicromirror\labmicromirror\hireslib\flashimage.c(588): warning C4244: '=': conversion from 'uint16' to 'uint08', possible loss of data
c:\users\umfehr44.eng\desktop\labmicromirror\labmicromirror\labmicromirror\hireslib\flashimage.c(574): error C4996: 'fopen': This function or variable may be unsafe. Consider using fopen_s instead. To disable deprecation, use _CRT_SECURE_NO_WARNINGS. See online help for details.
  c:\program files (x86)\windows kits\10\include\10.0.15063.0\ucrt\stdio.h(207): note: see declaration of 'fopen'
c:\users\umfehr44.eng\desktop\labmicromirror\labmicromirror\labmicromirror\hireslib\flashimage.c(577): error C4996: 'sprintf': This function or variable may be unsafe. Consider using sprintf_s instead. To disable deprecation, use _CRT_SECURE_NO_WARNINGS. See online help for details.
  c:\program files (x86)\windows kits\10\include\10.0.15063.0\ucrt\stdio.h(1772): note: see declaration of 'sprintf'
c:\users\umfehr44.eng\desktop\labmicromirror\labmicromirror\labmicromirror\hireslib\flashimage.c(580): error C4996: 'sprintf': This function or variable may be unsafe. Consider using sprintf_s instead. To disable deprecation, use _CRT_SECURE_NO_WARNINGS. See online help for details.
  c:\program files (x86)\windows kits\10\include\10.0.15063.0\ucrt\stdio.h(1772): note: see declaration of 'sprintf'
c:\users\umfehr44.eng\desktop\labmicromirror\labmicromirror\labmicromirror\hireslib\flashimage.c(583): error C4996: 'sprintf': This function or variable may be unsafe. Consider using sprintf_s instead. To disable deprecation, use _CRT_SECURE_NO_WARNINGS. See online help for details.
  c:\program files (x86)\windows kits\10\include\10.0.15063.0\ucrt\stdio.h(1772): note: see declaration of 'sprintf'
c:\users\umfehr44.eng\desktop\labmicromirror\labmicromirror\labmicromirror\hireslib\flashimage.c(603): error C4996: 'sprintf': This function or variable may be unsafe. Consider using sprintf_s instead. To disable deprecation, use _CRT_SECURE_NO_WARNINGS. See online help for details.
  c:\program files (x86)\windows kits\10\include\10.0.15063.0\ucrt\stdio.h(1772): note: see declaration of 'sprintf'
c:\users\umfehr44.eng\desktop\labmicromirror\labmicromirror\labmicromirror\hireslib\flashimage.c(608): error C4996: 'sprintf': This function or variable may be unsafe. Consider using sprintf_s instead. To disable deprecation, use _CRT_SECURE_NO_WARNINGS. See online help for details.
  c:\program files (x86)\windows kits\10\include\10.0.15063.0\ucrt\stdio.h(1772): note: see declaration of 'sprintf'
c:\users\umfehr44.eng\desktop\labmicromirror\labmicromirror\labmicromirror\hireslib\flashimage.c(613): error C4996: 'sprintf': This function or variable may be unsafe. Consider using sprintf_s instead. To disable deprecation, use _CRT_SECURE_NO_WARNINGS. See online help for details.
  c:\program files (x86)\windows kits\10\include\10.0.15063.0\ucrt\stdio.h(1772): note: see declaration of 'sprintf'
c:\users\umfehr44.eng\desktop\labmicromirror\labmicromirror\labmicromirror\hireslib\flashimage.c(618): error C4996: 'sprintf': This function or variable may be unsafe. Consider using sprintf_s instead. To disable deprecation, use _CRT_SECURE_NO_WARNINGS. See online help for details.
  c:\program files (x86)\windows kits\10\include\10.0.15063.0\ucrt\stdio.h(1772): note: see declaration of 'sprintf'
c:\users\umfehr44.eng\desktop\labmicromirror\labmicromirror\labmicromirror\hireslib\flashimage.c(653): error C4996: 'sprintf': This function or variable may be unsafe. Consider using sprintf_s instead. To disable deprecation, use _CRT_SECURE_NO_WARNINGS. See online help for details.
  c:\program files (x86)\windows kits\10\include\10.0.15063.0\ucrt\stdio.h(1772): note: see declaration of 'sprintf'
c:\users\umfehr44.eng\desktop\labmicromirror\labmicromirror\labmicromirror\hireslib\flashimage.c(660): error C4996: 'sprintf': This function or variable may be unsafe. Consider using sprintf_s instead. To disable deprecation, use _CRT_SECURE_NO_WARNINGS. See online help for details.
  c:\program files (x86)\windows kits\10\include\10.0.15063.0\ucrt\stdio.h(1772): note: see declaration of 'sprintf'
c:\users\umfehr44.eng\desktop\labmicromirror\labmicromirror\labmicromirror\hireslib\flashimage.c(759): error C4996: 'sprintf': This function or variable may be unsafe. Consider using sprintf_s instead. To disable deprecation, use _CRT_SECURE_NO_WARNINGS. See online help for details.
  c:\program files (x86)\windows kits\10\include\10.0.15063.0\ucrt\stdio.h(1772): note: see declaration of 'sprintf'
c:\users\umfehr44.eng\desktop\labmicromirror\labmicromirror\labmicromirror\hireslib\flashimage.c(769): error C4996: 'sprintf': This function or variable may be unsafe. Consider using sprintf_s instead. To disable deprecation, use _CRT_SECURE_NO_WARNINGS. See online help for details.
  c:\program files (x86)\windows kits\10\include\10.0.15063.0\ucrt\stdio.h(1772): note: see declaration of 'sprintf'
c:\users\umfehr44.eng\desktop\labmicromirror\labmicromirror\labmicromirror\hireslib\flashimage.c(772): error C4996: 'fopen': This function or variable may be unsafe. Consider using fopen_s instead. To disable deprecation, use _CRT_SECURE_NO_WARNINGS. See online help for details.
  c:\program files (x86)\windows kits\10\include\10.0.15063.0\ucrt\stdio.h(207): note: see declaration of 'fopen'
c:\users\umfehr44.eng\desktop\labmicromirror\labmicromirror\labmicromirror\hireslib\flashimage.c(774): error C4996: 'sprintf': This function or variable may be unsafe. Consider using sprintf_s instead. To disable deprecation, use _CRT_SECURE_NO_WARNINGS. See online help for details.
  c:\program files (x86)\windows kits\10\include\10.0.15063.0\ucrt\stdio.h(1772): note: see declaration of 'sprintf'
c:\users\umfehr44.eng\desktop\labmicromirror\labmicromirror\labmicromirror\hireslib\flashimage.c(779): error C4996: 'sprintf': This function or variable may be unsafe. Consider using sprintf_s instead. To disable deprecation, use _CRT_SECURE_NO_WARNINGS. See online help for details.
  c:\program files (x86)\windows kits\10\include\10.0.15063.0\ucrt\stdio.h(1772): note: see declaration of 'sprintf'
c:\users\umfehr44.eng\desktop\labmicromirror\labmicromirror\labmicromirror\hireslib\flashimage.c(783): error C4996: 'sprintf': This function or variable may be unsafe. Consider using sprintf_s instead. To disable deprecation, use _CRT_SECURE_NO_WARNINGS. See online help for details.
  c:\program files (x86)\windows kits\10\include\10.0.15063.0\ucrt\stdio.h(1772): note: see declaration of 'sprintf'
c:\users\umfehr44.eng\desktop\labmicromirror\labmicromirror\labmicromirror\hireslib\flashimage.c(825): error C4996: 'sprintf': This function or variable may be unsafe. Consider using sprintf_s instead. To disable deprecation, use _CRT_SECURE_NO_WARNINGS. See online help for details.
  c:\program files (x86)\windows kits\10\include\10.0.15063.0\ucrt\stdio.h(1772): note: see declaration of 'sprintf'
c:\users\umfehr44.eng\desktop\labmicromirror\labmicromirror\labmicromirror\hireslib\flashimage.c(838): error C4996: 'sprintf': This function or variable may be unsafe. Consider using sprintf_s instead. To disable deprecation, use _CRT_SECURE_NO_WARNINGS. See online help for details.
  c:\program files (x86)\windows kits\10\include\10.0.15063.0\ucrt\stdio.h(1772): note: see declaration of 'sprintf'
c:\users\umfehr44.eng\desktop\labmicromirror\labmicromirror\labmicromirror\hireslib\flashimage.c(871): error C4996: 'sprintf': This function or variable may be unsafe. Consider using sprintf_s instead. To disable deprecation, use _CRT_SECURE_NO_WARNINGS. See online help for details.
  c:\program files (x86)\windows kits\10\include\10.0.15063.0\ucrt\stdio.h(1772): note: see declaration of 'sprintf'
c:\users\umfehr44.eng\desktop\labmicromirror\labmicromirror\labmicromirror\hireslib\flashimage.c(877): error C4996: 'fopen': This function or variable may be unsafe. Consider using fopen_s instead. To disable deprecation, use _CRT_SECURE_NO_WARNINGS. See online help for details.
  c:\program files (x86)\windows kits\10\include\10.0.15063.0\ucrt\stdio.h(207): note: see declaration of 'fopen'
c:\users\umfehr44.eng\desktop\labmicromirror\labmicromirror\labmicromirror\hireslib\flashimage.c(879): error C4996: 'sprintf': This function or variable may be unsafe. Consider using sprintf_s instead. To disable deprecation, use _CRT_SECURE_NO_WARNINGS. See online help for details.
  c:\program files (x86)\windows kits\10\include\10.0.15063.0\ucrt\stdio.h(1772): note: see declaration of 'sprintf'
c:\users\umfehr44.eng\desktop\labmicromirror\labmicromirror\labmicromirror\hireslib\flashimage.c(884): error C4996: 'sprintf': This function or variable may be unsafe. Consider using sprintf_s instead. To disable deprecation, use _CRT_SECURE_NO_WARNINGS. See online help for details.
  c:\program files (x86)\windows kits\10\include\10.0.15063.0\ucrt\stdio.h(1772): note: see declaration of 'sprintf'
  firmware.c
c:\users\umfehr44.eng\desktop\labmicromirror\labmicromirror\labmicromirror\hireslib\firmware.c(136): error C4996: 'sprintf': This function or variable may be unsafe. Consider using sprintf_s instead. To disable deprecation, use _CRT_SECURE_NO_WARNINGS. See online help for details.
  c:\program files (x86)\windows kits\10\include\10.0.15063.0\ucrt\stdio.h(1772): note: see declaration of 'sprintf'
c:\users\umfehr44.eng\desktop\labmicromirror\labmicromirror\labmicromirror\hireslib\firmware.c(306): error C4996: 'sprintf': This function or variable may be unsafe. Consider using sprintf_s instead. To disable deprecation, use _CRT_SECURE_NO_WARNINGS. See online help for details.
  c:\program files (x86)\windows kits\10\include\10.0.15063.0\ucrt\stdio.h(1772): note: see declaration of 'sprintf'
c:\users\umfehr44.eng\desktop\labmicromirror\labmicromirror\labmicromirror\hireslib\firmware.c(323): error C4996: 'sprintf': This function or variable may be unsafe. Consider using sprintf_s instead. To disable deprecation, use _CRT_SECURE_NO_WARNINGS. See online help for details.
  c:\program files (x86)\windows kits\10\include\10.0.15063.0\ucrt\stdio.h(1772): note: see declaration of 'sprintf'
c:\users\umfehr44.eng\desktop\labmicromirror\labmicromirror\labmicromirror\hireslib\firmware.c(393): error C4996: 'sprintf': This function or variable may be unsafe. Consider using sprintf_s instead. To disable deprecation, use _CRT_SECURE_NO_WARNINGS. See online help for details.
  c:\program files (x86)\windows kits\10\include\10.0.15063.0\ucrt\stdio.h(1772): note: see declaration of 'sprintf'
c:\users\umfehr44.eng\desktop\labmicromirror\labmicromirror\labmicromirror\hireslib\firmware.c(611): error C4996: 'sprintf': This function or variable may be unsafe. Consider using sprintf_s instead. To disable deprecation, use _CRT_SECURE_NO_WARNINGS. See online help for details.
  c:\program files (x86)\windows kits\10\include\10.0.15063.0\ucrt\stdio.h(1772): note: see declaration of 'sprintf'
c:\users\umfehr44.eng\desktop\labmicromirror\labmicromirror\labmicromirror\hireslib\firmware.c(761): error C4996: 'sprintf': This function or variable may be unsafe. Consider using sprintf_s instead. To disable deprecation, use _CRT_SECURE_NO_WARNINGS. See online help for details.
  c:\program files (x86)\windows kits\10\include\10.0.15063.0\ucrt\stdio.h(1772): note: see declaration of 'sprintf'
  batchfile.c
c:\users\umfehr44.eng\desktop\labmicromirror\labmicromirror\labmicromirror\hireslib\batchfile.c(130): error C4996: 'sprintf': This function or variable may be unsafe. Consider using sprintf_s instead. To disable deprecation, use _CRT_SECURE_NO_WARNINGS. See online help for details.
  c:\program files (x86)\windows kits\10\include\10.0.15063.0\ucrt\stdio.h(1772): note: see declaration of 'sprintf'
c:\users\umfehr44.eng\desktop\labmicromirror\labmicromirror\labmicromirror\hireslib\batchfile.c(134): error C4996: 'sprintf': This function or variable may be unsafe. Consider using sprintf_s instead. To disable deprecation, use _CRT_SECURE_NO_WARNINGS. See online help for details.
  c:\program files (x86)\windows kits\10\include\10.0.15063.0\ucrt\stdio.h(1772): note: see declaration of 'sprintf'
c:\users\umfehr44.eng\desktop\labmicromirror\labmicromirror\labmicromirror\hireslib\batchfile.c(148): error C4996: 'sprintf': This function or variable may be unsafe. Consider using sprintf_s instead. To disable deprecation, use _CRT_SECURE_NO_WARNINGS. See online help for details.
  c:\program files (x86)\windows kits\10\include\10.0.15063.0\ucrt\stdio.h(1772): note: see declaration of 'sprintf'
c:\users\umfehr44.eng\desktop\labmicromirror\labmicromirror\labmicromirror\hireslib\batchfile.c(270): warning C4244: '=': conversion from 'uint16' to 'uint08', possible loss of data
c:\users\umfehr44.eng\desktop\labmicromirror\labmicromirror\labmicromirror\hireslib\batchfile.c(312): warning C4244: '=': conversion from 'uint16' to 'uint08', possible loss of data
c:\users\umfehr44.eng\desktop\labmicromirror\labmicromirror\labmicromirror\hireslib\batchfile.c(440): error C4996: 'sprintf': This function or variable may be unsafe. Consider using sprintf_s instead. To disable deprecation, use _CRT_SECURE_NO_WARNINGS. See online help for details.
  c:\program files (x86)\windows kits\10\include\10.0.15063.0\ucrt\stdio.h(1772): note: see declaration of 'sprintf'
c:\users\umfehr44.eng\desktop\labmicromirror\labmicromirror\labmicromirror\hireslib\batchfile.c(467): error C4996: 'sprintf': This function or variable may be unsafe. Consider using sprintf_s instead. To disable deprecation, use _CRT_SECURE_NO_WARNINGS. See online help for details.
  c:\program files (x86)\windows kits\10\include\10.0.15063.0\ucrt\stdio.h(1772): note: see declaration of 'sprintf'
c:\users\umfehr44.eng\desktop\labmicromirror\labmicromirror\labmicromirror\hireslib\batchfile.c(505): error C4996: 'sprintf': This function or variable may be unsafe. Consider using sprintf_s instead. To disable deprecation, use _CRT_SECURE_NO_WARNINGS. See online help for details.
  c:\program files (x86)\windows kits\10\include\10.0.15063.0\ucrt\stdio.h(1772): note: see declaration of 'sprintf'
c:\users\umfehr44.eng\desktop\labmicromirror\labmicromirror\labmicromirror\hireslib\batchfile.c(539): error C4996: 'sprintf': This function or variable may be unsafe. Consider using sprintf_s instead. To disable deprecation, use _CRT_SECURE_NO_WARNINGS. See online help for details.
  c:\program files (x86)\windows kits\10\include\10.0.15063.0\ucrt\stdio.h(1772): note: see declaration of 'sprintf'
c:\users\umfehr44.eng\desktop\labmicromirror\labmicromirror\labmicromirror\hireslib\batchfile.c(565): error C4996: 'sprintf': This function or variable may be unsafe. Consider using sprintf_s instead. To disable deprecation, use _CRT_SECURE_NO_WARNINGS. See online help for details.
  c:\program files (x86)\windows kits\10\include\10.0.15063.0\ucrt\stdio.h(1772): note: see declaration of 'sprintf'
c:\users\umfehr44.eng\desktop\labmicromirror\labmicromirror\labmicromirror\hireslib\batchfile.c(719): error C4996: 'sprintf': This function or variable may be unsafe. Consider using sprintf_s instead. To disable deprecation, use _CRT_SECURE_NO_WARNINGS. See online help for details.
  c:\program files (x86)\windows kits\10\include\10.0.15063.0\ucrt\stdio.h(1772): note: see declaration of 'sprintf'
c:\users\umfehr44.eng\desktop\labmicromirror\labmicromirror\labmicromirror\hireslib\batchfile.c(725): error C4996: 'sprintf': This function or variable may be unsafe. Consider using sprintf_s instead. To disable deprecation, use _CRT_SECURE_NO_WARNINGS. See online help for details.
  c:\program files (x86)\windows kits\10\include\10.0.15063.0\ucrt\stdio.h(1772): note: see declaration of 'sprintf'
c:\users\umfehr44.eng\desktop\labmicromirror\labmicromirror\labmicromirror\hireslib\batchfile.c(736): error C4996: 'sprintf': This function or variable may be unsafe. Consider using sprintf_s instead. To disable deprecation, use _CRT_SECURE_NO_WARNINGS. See online help for details.
  c:\program files (x86)\windows kits\10\include\10.0.15063.0\ucrt\stdio.h(1772): note: see declaration of 'sprintf'
c:\users\umfehr44.eng\desktop\labmicromirror\labmicromirror\labmicromirror\hireslib\batchfile.c(743): error C4996: 'sprintf': This function or variable may be unsafe. Consider using sprintf_s instead. To disable deprecation, use _CRT_SECURE_NO_WARNINGS. See online help for details.
  c:\program files (x86)\windows kits\10\include\10.0.15063.0\ucrt\stdio.h(1772): note: see declaration of 'sprintf'
c:\users\umfehr44.eng\desktop\labmicromirror\labmicromirror\labmicromirror\hireslib\batchfile.c(748): error C4996: 'sprintf': This function or variable may be unsafe. Consider using sprintf_s instead. To disable deprecation, use _CRT_SECURE_NO_WARNINGS. See online help for details.
  c:\program files (x86)\windows kits\10\include\10.0.15063.0\ucrt\stdio.h(1772): note: see declaration of 'sprintf'
c:\users\umfehr44.eng\desktop\labmicromirror\labmicromirror\labmicromirror\hireslib\batchfile.c(787): error C4996: 'fopen': This function or variable may be unsafe. Consider using fopen_s instead. To disable deprecation, use _CRT_SECURE_NO_WARNINGS. See online help for details.
  c:\program files (x86)\windows kits\10\include\10.0.15063.0\ucrt\stdio.h(207): note: see declaration of 'fopen'
c:\users\umfehr44.eng\desktop\labmicromirror\labmicromirror\labmicromirror\hireslib\batchfile.c(789): error C4996: 'sprintf': This function or variable may be unsafe. Consider using sprintf_s instead. To disable deprecation, use _CRT_SECURE_NO_WARNINGS. See online help for details.
  c:\program files (x86)\windows kits\10\include\10.0.15063.0\ucrt\stdio.h(1772): note: see declaration of 'sprintf'
c:\users\umfehr44.eng\desktop\labmicromirror\labmicromirror\labmicromirror\hireslib\batchfile.c(804): error C4996: 'sprintf': This function or variable may be unsafe. Consider using sprintf_s instead. To disable deprecation, use _CRT_SECURE_NO_WARNINGS. See online help for details.
  c:\program files (x86)\windows kits\10\include\10.0.15063.0\ucrt\stdio.h(1772): note: see declaration of 'sprintf'
c:\users\umfehr44.eng\desktop\labmicromirror\labmicromirror\labmicromirror\hireslib\batchfile.c(807): error C4996: 'sprintf': This function or variable may be unsafe. Consider using sprintf_s instead. To disable deprecation, use _CRT_SECURE_NO_WARNINGS. See online help for details.
  c:\program files (x86)\windows kits\10\include\10.0.15063.0\ucrt\stdio.h(1772): note: see declaration of 'sprintf'
c:\users\umfehr44.eng\desktop\labmicromirror\labmicromirror\labmicromirror\hireslib\batchfile.c(816): error C4996: 'sprintf': This function or variable may be unsafe. Consider using sprintf_s instead. To disable deprecation, use _CRT_SECURE_NO_WARNINGS. See online help for details.
  c:\program files (x86)\windows kits\10\include\10.0.15063.0\ucrt\stdio.h(1772): note: see declaration of 'sprintf'
c:\users\umfehr44.eng\desktop\labmicromirror\labmicromirror\labmicromirror\hireslib\batchfile.c(820): error C4996: 'sprintf': This function or variable may be unsafe. Consider using sprintf_s instead. To disable deprecation, use _CRT_SECURE_NO_WARNINGS. See online help for details.
  c:\program files (x86)\windows kits\10\include\10.0.15063.0\ucrt\stdio.h(1772): note: see declaration of 'sprintf'
c:\users\umfehr44.eng\desktop\labmicromirror\labmicromirror\labmicromirror\hireslib\batchfile.c(828): error C4996: 'sprintf': This function or variable may be unsafe. Consider using sprintf_s instead. To disable deprecation, use _CRT_SECURE_NO_WARNINGS. See online help for details.
  c:\program files (x86)\windows kits\10\include\10.0.15063.0\ucrt\stdio.h(1772): note: see declaration of 'sprintf'
c:\users\umfehr44.eng\desktop\labmicromirror\labmicromirror\labmicromirror\hireslib\batchfile.c(867): error C4996: 'fopen': This function or variable may be unsafe. Consider using fopen_s instead. To disable deprecation, use _CRT_SECURE_NO_WARNINGS. See online help for details.
  c:\program files (x86)\windows kits\10\include\10.0.15063.0\ucrt\stdio.h(207): note: see declaration of 'fopen'
c:\users\umfehr44.eng\desktop\labmicromirror\labmicromirror\labmicromirror\hireslib\batchfile.c(869): error C4996: 'sprintf': This function or variable may be unsafe. Consider using sprintf_s instead. To disable deprecation, use _CRT_SECURE_NO_WARNINGS. See online help for details.
  c:\program files (x86)\windows kits\10\include\10.0.15063.0\ucrt\stdio.h(1772): note: see declaration of 'sprintf'
  BMPParser.c
c:\users\umfehr44.eng\desktop\labmicromirror\labmicromirror\labmicromirror\hireslib\bmpparser.c(373): warning C4244: '=': conversion from 'uint16' to 'uint8', possible loss of data
c:\users\umfehr44.eng\desktop\labmicromirror\labmicromirror\labmicromirror\hireslib\bmpparser.c(133): error C4996: 'sprintf': This function or variable may be unsafe. Consider using sprintf_s instead. To disable deprecation, use _CRT_SECURE_NO_WARNINGS. See online help for details.
  c:\program files (x86)\windows kits\10\include\10.0.15063.0\ucrt\stdio.h(1772): note: see declaration of 'sprintf'
c:\users\umfehr44.eng\desktop\labmicromirror\labmicromirror\labmicromirror\hireslib\bmpparser.c(150): error C4996: 'sprintf': This function or variable may be unsafe. Consider using sprintf_s instead. To disable deprecation, use _CRT_SECURE_NO_WARNINGS. See online help for details.
  c:\program files (x86)\windows kits\10\include\10.0.15063.0\ucrt\stdio.h(1772): note: see declaration of 'sprintf'
c:\users\umfehr44.eng\desktop\labmicromirror\labmicromirror\labmicromirror\hireslib\bmpparser.c(157): error C4996: 'sprintf': This function or variable may be unsafe. Consider using sprintf_s instead. To disable deprecation, use _CRT_SECURE_NO_WARNINGS. See online help for details.
  c:\program files (x86)\windows kits\10\include\10.0.15063.0\ucrt\stdio.h(1772): note: see declaration of 'sprintf'
c:\users\umfehr44.eng\desktop\labmicromirror\labmicromirror\labmicromirror\hireslib\bmpparser.c(163): error C4996: 'sprintf': This function or variable may be unsafe. Consider using sprintf_s instead. To disable deprecation, use _CRT_SECURE_NO_WARNINGS. See online help for details.
  c:\program files (x86)\windows kits\10\include\10.0.15063.0\ucrt\stdio.h(1772): note: see declaration of 'sprintf'
c:\users\umfehr44.eng\desktop\labmicromirror\labmicromirror\labmicromirror\hireslib\bmpparser.c(167): error C4996: 'sprintf': This function or variable may be unsafe. Consider using sprintf_s instead. To disable deprecation, use _CRT_SECURE_NO_WARNINGS. See online help for details.
  c:\program files (x86)\windows kits\10\include\10.0.15063.0\ucrt\stdio.h(1772): note: see declaration of 'sprintf'
c:\users\umfehr44.eng\desktop\labmicromirror\labmicromirror\labmicromirror\hireslib\bmpparser.c(171): error C4996: 'sprintf': This function or variable may be unsafe. Consider using sprintf_s instead. To disable deprecation, use _CRT_SECURE_NO_WARNINGS. See online help for details.
  c:\program files (x86)\windows kits\10\include\10.0.15063.0\ucrt\stdio.h(1772): note: see declaration of 'sprintf'
c:\users\umfehr44.eng\desktop\labmicromirror\labmicromirror\labmicromirror\hireslib\bmpparser.c(198): error C4996: 'sprintf': This function or variable may be unsafe. Consider using sprintf_s instead. To disable deprecation, use _CRT_SECURE_NO_WARNINGS. See online help for details.
  c:\program files (x86)\windows kits\10\include\10.0.15063.0\ucrt\stdio.h(1772): note: see declaration of 'sprintf'
c:\users\umfehr44.eng\desktop\labmicromirror\labmicromirror\labmicromirror\hireslib\bmpparser.c(202): error C4996: 'sprintf': This function or variable may be unsafe. Consider using sprintf_s instead. To disable deprecation, use _CRT_SECURE_NO_WARNINGS. See online help for details.
  c:\program files (x86)\windows kits\10\include\10.0.15063.0\ucrt\stdio.h(1772): note: see declaration of 'sprintf'
c:\users\umfehr44.eng\desktop\labmicromirror\labmicromirror\labmicromirror\hireslib\bmpparser.c(229): error C4996: 'sprintf': This function or variable may be unsafe. Consider using sprintf_s instead. To disable deprecation, use _CRT_SECURE_NO_WARNINGS. See online help for details.
  c:\program files (x86)\windows kits\10\include\10.0.15063.0\ucrt\stdio.h(1772): note: see declaration of 'sprintf'
c:\users\umfehr44.eng\desktop\labmicromirror\labmicromirror\labmicromirror\hireslib\bmpparser.c(288): error C4996: 'sprintf': This function or variable may be unsafe. Consider using sprintf_s instead. To disable deprecation, use _CRT_SECURE_NO_WARNINGS. See online help for details.
  c:\program files (x86)\windows kits\10\include\10.0.15063.0\ucrt\stdio.h(1772): note: see declaration of 'sprintf'
c:\users\umfehr44.eng\desktop\labmicromirror\labmicromirror\labmicromirror\hireslib\bmpparser.c(309): error C4996: 'sprintf': This function or variable may be unsafe. Consider using sprintf_s instead. To disable deprecation, use _CRT_SECURE_NO_WARNINGS. See online help for details.
  c:\program files (x86)\windows kits\10\include\10.0.15063.0\ucrt\stdio.h(1772): note: see declaration of 'sprintf'
c:\users\umfehr44.eng\desktop\labmicromirror\labmicromirror\labmicromirror\hireslib\bmpparser.c(347): error C4996: 'sprintf': This function or variable may be unsafe. Consider using sprintf_s instead. To disable deprecation, use _CRT_SECURE_NO_WARNINGS. See online help for details.
  c:\program files (x86)\windows kits\10\include\10.0.15063.0\ucrt\stdio.h(1772): note: see declaration of 'sprintf'
c:\users\umfehr44.eng\desktop\labmicromirror\labmicromirror\labmicromirror\hireslib\bmpparser.c(362): error C4996: 'sprintf': This function or variable may be unsafe. Consider using sprintf_s instead. To disable deprecation, use _CRT_SECURE_NO_WARNINGS. See online help for details.
  c:\program files (x86)\windows kits\10\include\10.0.15063.0\ucrt\stdio.h(1772): note: see declaration of 'sprintf'
c:\users\umfehr44.eng\desktop\labmicromirror\labmicromirror\labmicromirror\hireslib\bmpparser.c(405): error C4996: 'sprintf': This function or variable may be unsafe. Consider using sprintf_s instead. To disable deprecation, use _CRT_SECURE_NO_WARNINGS. See online help for details.
  c:\program files (x86)\windows kits\10\include\10.0.15063.0\ucrt\stdio.h(1772): note: see declaration of 'sprintf'
c:\users\umfehr44.eng\desktop\labmicromirror\labmicromirror\labmicromirror\hireslib\bmpparser.c(629): warning C4018: '<': signed/unsigned mismatch
c:\users\umfehr44.eng\desktop\labmicromirror\labmicromirror\labmicromirror\hireslib\bmpparser.c(525): error C4996: 'sprintf': This function or variable may be unsafe. Consider using sprintf_s instead. To disable deprecation, use _CRT_SECURE_NO_WARNINGS. See online help for details.
  c:\program files (x86)\windows kits\10\include\10.0.15063.0\ucrt\stdio.h(1772): note: see declaration of 'sprintf'
c:\users\umfehr44.eng\desktop\labmicromirror\labmicromirror\labmicromirror\hireslib\bmpparser.c(637): error C4996: 'sprintf': This function or variable may be unsafe. Consider using sprintf_s instead. To disable deprecation, use _CRT_SECURE_NO_WARNINGS. See online help for details.
  c:\program files (x86)\windows kits\10\include\10.0.15063.0\ucrt\stdio.h(1772): note: see declaration of 'sprintf'
c:\users\umfehr44.eng\desktop\labmicromirror\labmicromirror\labmicromirror\hireslib\bmpparser.c(648): error C4996: 'sprintf': This function or variable may be unsafe. Consider using sprintf_s instead. To disable deprecation, use _CRT_SECURE_NO_WARNINGS. See online help for details.
  c:\program files (x86)\windows kits\10\include\10.0.15063.0\ucrt\stdio.h(1772): note: see declaration of 'sprintf'
c:\users\umfehr44.eng\desktop\labmicromirror\labmicromirror\labmicromirror\hireslib\bmpparser.c(675): error C4996: 'fopen': This function or variable may be unsafe. Consider using fopen_s instead. To disable deprecation, use _CRT_SECURE_NO_WARNINGS. See online help for details.
  c:\program files (x86)\windows kits\10\include\10.0.15063.0\ucrt\stdio.h(207): note: see declaration of 'fopen'
c:\users\umfehr44.eng\desktop\labmicromirror\labmicromirror\labmicromirror\hireslib\bmpparser.c(704): error C4996: 'fopen': This function or variable may be unsafe. Consider using fopen_s instead. To disable deprecation, use _CRT_SECURE_NO_WARNINGS. See online help for details.
  c:\program files (x86)\windows kits\10\include\10.0.15063.0\ucrt\stdio.h(207): note: see declaration of 'fopen'
c:\users\umfehr44.eng\desktop\labmicromirror\labmicromirror\labmicromirror\hireslib\bmpparser.c(746): warning C4244: '=': conversion from 'uint16' to 'uint08', possible loss of data
c:\users\umfehr44.eng\desktop\labmicromirror\labmicromirror\labmicromirror\hireslib\bmpparser.c(730): error C4996: 'fopen': This function or variable may be unsafe. Consider using fopen_s instead. To disable deprecation, use _CRT_SECURE_NO_WARNINGS. See online help for details.
  c:\program files (x86)\windows kits\10\include\10.0.15063.0\ucrt\stdio.h(207): note: see declaration of 'fopen'
c:\users\umfehr44.eng\desktop\labmicromirror\labmicromirror\labmicromirror\hireslib\bmpparser.c(783): error C4996: 'sprintf': This function or variable may be unsafe. Consider using sprintf_s instead. To disable deprecation, use _CRT_SECURE_NO_WARNINGS. See online help for details.
  c:\program files (x86)\windows kits\10\include\10.0.15063.0\ucrt\stdio.h(1772): note: see declaration of 'sprintf'
c:\users\umfehr44.eng\desktop\labmicromirror\labmicromirror\labmicromirror\hireslib\bmpparser.c(793): error C4996: 'sprintf': This function or variable may be unsafe. Consider using sprintf_s instead. To disable deprecation, use _CRT_SECURE_NO_WARNINGS. See online help for details.
  c:\program files (x86)\windows kits\10\include\10.0.15063.0\ucrt\stdio.h(1772): note: see declaration of 'sprintf'
c:\users\umfehr44.eng\desktop\labmicromirror\labmicromirror\labmicromirror\hireslib\bmpparser.c(797): error C4996: 'sprintf': This function or variable may be unsafe. Consider using sprintf_s instead. To disable deprecation, use _CRT_SECURE_NO_WARNINGS. See online help for details.
  c:\program files (x86)\windows kits\10\include\10.0.15063.0\ucrt\stdio.h(1772): note: see declaration of 'sprintf'
c:\users\umfehr44.eng\desktop\labmicromirror\labmicromirror\labmicromirror\hireslib\bmpparser.c(806): error C4996: 'sprintf': This function or variable may be unsafe. Consider using sprintf_s instead. To disable deprecation, use _CRT_SECURE_NO_WARNINGS. See online help for details.
  c:\program files (x86)\windows kits\10\include\10.0.15063.0\ucrt\stdio.h(1772): note: see declaration of 'sprintf'
c:\users\umfehr44.eng\desktop\labmicromirror\labmicromirror\labmicromirror\hireslib\bmpparser.c(813): error C4996: 'sprintf': This function or variable may be unsafe. Consider using sprintf_s instead. To disable deprecation, use _CRT_SECURE_NO_WARNINGS. See online help for details.
  c:\program files (x86)\windows kits\10\include\10.0.15063.0\ucrt\stdio.h(1772): note: see declaration of 'sprintf'
c:\users\umfehr44.eng\desktop\labmicromirror\labmicromirror\labmicromirror\hireslib\bmpparser.c(879): warning C4018: '>': signed/unsigned mismatch
c:\users\umfehr44.eng\desktop\labmicromirror\labmicromirror\labmicromirror\hireslib\bmpparser.c(938): warning C4018: '>': signed/unsigned mismatch
  Generating Code...
